<?xml version="1.0" encoding="UTF-8"?>
<!-- Generated by org.testng.reporters.JUnitReportReporter -->
<testsuite hostname="EPINGUGW0045" failures="0" tests="3" name="runners.TestRunner" time="48.757" errors="0" timestamp="2021-09-01T15:46:54 IST" skipped="0">
  <testcase classname="runners.TestRunner" name="runScenario" time="12.607"/>
  <system-out/>
  <testcase classname="runners.TestRunner" name="runScenario" time="12.723"/>
  <system-out/>
  <testcase classname="runners.TestRunner" name="runScenario" time="23.427"/>
  <system-out/>
</testsuite> <!-- runners.TestRunner -->
